<?xml version="1.0" encoding="UTF-8"?>
<!-- Generated by org.testng.reporters.JUnitXMLReporter -->
<testsuite ignored="0" hostname="Abhi" failures="0" tests="8" name="Browser Tests" time="64.463" errors="0" timestamp="2026-08-13T00:43:00 IST">
  <testcase classname="com.JenkinsCICD.DemoTest.JenkinsCICDTest" name="ChromeGoogleTest" time="4.915"/>
  <testcase classname="com.JenkinsCICD.DemoTest.JenkinsCICDTest" name="FirefoxYouTubeTest" time="17.559"/>
  <testcase classname="com.JenkinsCICD.DemoTest.JenkinsCICDTest" name="ChromeWikipediaTest" time="4.756"/>
  <testcase classname="com.JenkinsCICD.DemoTest.JenkinsCICDTest" name="FirefoxStackOverflowTest" time="10.826"/>
  <testcase classname="com.JenkinsCICD.DemoTest.JenkinsCICDTest" name="EdgeGitHubTest" time="0.009">
    <skipped/>
  </testcase> <!-- EdgeGitHubTest -->
  <testcase classname="com.JenkinsCICD.DemoTest.JenkinsCICDTest" name="ChromeLinkedInTest" time="4.695"/>
  <testcase classname="com.JenkinsCICD.DemoTest.JenkinsCICDTest" name="FirefoxTwitterTest" time="17.047"/>
  <testcase classname="com.JenkinsCICD.DemoTest.JenkinsCICDTest" name="ChromeRedditTest" time="4.269"/>
</testsuite> <!-- Browser Tests -->
