<?xml version="1.0" encoding="UTF-8"?>
<testng-results ignored="0" total="8" passed="7" failed="0" skipped="1">
  <reporter-output>
  </reporter-output>
  <suite started-at="2026-08-13T00:41:55 IST" name="Jenkins CICD Suite" finished-at="2026-08-13T00:43:00 IST" duration-ms="64463">
    <groups>
    </groups>
    <test started-at="2026-08-13T00:41:55 IST" name="Browser Tests" finished-at="2026-08-13T00:43:00 IST" duration-ms="64463">
      <class name="com.JenkinsCICD.DemoTest.JenkinsCICDTest">
        <test-method signature="ChromeGoogleTest()[pri:0, instance:com.JenkinsCICD.DemoTest.JenkinsCICDTest@1af2d44a]" started-at="2026-08-13T00:41:55 IST" name="ChromeGoogleTest" finished-at="2026-08-13T00:42:00 IST" duration-ms="4915" status="PASS">
          <reporter-output>
          </reporter-output>
        </test-method> <!-- ChromeGoogleTest -->
        <test-method signature="FirefoxYouTubeTest()[pri:1, instance:com.JenkinsCICD.DemoTest.JenkinsCICDTest@1af2d44a]" started-at="2026-08-13T00:42:01 IST" name="FirefoxYouTubeTest" finished-at="2026-08-13T00:42:18 IST" duration-ms="17559" status="PASS">
          <reporter-output>
          </reporter-output>
        </test-method> <!-- FirefoxYouTubeTest -->
        <test-method signature="ChromeWikipediaTest()[pri:2, instance:com.JenkinsCICD.DemoTest.JenkinsCICDTest@1af2d44a]" started-at="2026-08-13T00:42:18 IST" name="ChromeWikipediaTest" finished-at="2026-08-13T00:42:23 IST" duration-ms="4756" status="PASS">
          <reporter-output>
          </reporter-output>
        </test-method> <!-- ChromeWikipediaTest -->
        <test-method signature="FirefoxStackOverflowTest()[pri:3, instance:com.JenkinsCICD.DemoTest.JenkinsCICDTest@1af2d44a]" started-at="2026-08-13T00:42:23 IST" name="FirefoxStackOverflowTest" finished-at="2026-08-13T00:42:34 IST" duration-ms="10826" status="PASS">
          <reporter-output>
          </reporter-output>
        </test-method> <!-- FirefoxStackOverflowTest -->
        <test-method signature="EdgeGitHubTest()[pri:4, instance:com.JenkinsCICD.DemoTest.JenkinsCICDTest@1af2d44a]" started-at="2026-08-13T00:42:34 IST" name="EdgeGitHubTest" finished-at="2026-08-13T00:42:34 IST" duration-ms="9" status="SKIP">
          <exception class="org.testng.SkipException">
            <message>
              <![CDATA[Edge skipped in Jenkins SYSTEM service environment]]>
            </message>
            <full-stacktrace>
              <![CDATA[org.testng.SkipException: Edge skipped in Jenkins SYSTEM service environment
at com.JenkinsCICD.DemoTest.JenkinsCICDTest.EdgeGitHubTest(JenkinsCICDTest.java:165)
at java.base/jdk.internal.reflect.DirectMethodHandleAccessor.invoke(DirectMethodHandleAccessor.java:104)
at java.base/java.lang.reflect.Method.invoke(Method.java:565)
at org.testng.internal.invokers.MethodInvocationHelper.invokeMethod(MethodInvocationHelper.java:141)
at org.testng.internal.invokers.TestInvoker.invokeMethod(TestInvoker.java:697)
at org.testng.internal.invokers.TestInvoker.invokeTestMethod(TestInvoker.java:230)
at org.testng.internal.invokers.MethodRunner.runInSequence(MethodRunner.java:63)
at org.testng.internal.invokers.TestInvoker$MethodInvocationAgent.invoke(TestInvoker.java:1005)
at org.testng.internal.invokers.TestInvoker.invokeTestMethods(TestInvoker.java:203)
at org.testng.internal.invokers.TestMethodWorker.invokeTestMethods(TestMethodWorker.java:154)
at org.testng.internal.invokers.TestMethodWorker.run(TestMethodWorker.java:134)
at java.base/java.util.ArrayList.forEach(ArrayList.java:1604)
at org.testng.TestRunner.privateRun(TestRunner.java:744)
at org.testng.TestRunner.run(TestRunner.java:616)
at org.testng.SuiteRunner.runTest(SuiteRunner.java:421)
at org.testng.SuiteRunner.runSequentially(SuiteRunner.java:413)
at org.testng.SuiteRunner.privateRun(SuiteRunner.java:373)
at org.testng.SuiteRunner.run(SuiteRunner.java:312)
at org.testng.SuiteRunnerWorker.runSuite(SuiteRunnerWorker.java:52)
at org.testng.SuiteRunnerWorker.run(SuiteRunnerWorker.java:95)
at org.testng.TestNG.runSuitesSequentially(TestNG.java:1274)
at org.testng.TestNG.runSuitesLocally(TestNG.java:1208)
at org.testng.TestNG.runSuites(TestNG.java:1112)
at org.testng.TestNG.run(TestNG.java:1079)
at org.apache.maven.surefire.testng.TestNGExecutor.run(TestNGExecutor.java:308)
at org.apache.maven.surefire.testng.TestNGXmlTestSuite.execute(TestNGXmlTestSuite.java:71)
at org.apache.maven.surefire.testng.TestNGProvider.invoke(TestNGProvider.java:113)
at org.apache.maven.surefire.booter.ForkedBooter.runSuitesInProcess(ForkedBooter.java:385)
at org.apache.maven.surefire.booter.ForkedBooter.execute(ForkedBooter.java:162)
at org.apache.maven.surefire.booter.ForkedBooter.run(ForkedBooter.java:507)
at org.apache.maven.surefire.booter.ForkedBooter.main(ForkedBooter.java:495)
]]>
            </full-stacktrace>
          </exception> <!-- org.testng.SkipException -->
          <reporter-output>
          </reporter-output>
        </test-method> <!-- EdgeGitHubTest -->
        <test-method signature="ChromeLinkedInTest()[pri:5, instance:com.JenkinsCICD.DemoTest.JenkinsCICDTest@1af2d44a]" started-at="2026-08-13T00:42:34 IST" name="ChromeLinkedInTest" finished-at="2026-08-13T00:42:38 IST" duration-ms="4695" status="PASS">
          <reporter-output>
          </reporter-output>
        </test-method> <!-- ChromeLinkedInTest -->
        <test-method signature="FirefoxTwitterTest()[pri:6, instance:com.JenkinsCICD.DemoTest.JenkinsCICDTest@1af2d44a]" started-at="2026-08-13T00:42:38 IST" name="FirefoxTwitterTest" finished-at="2026-08-13T00:42:55 IST" duration-ms="17047" status="PASS">
          <reporter-output>
          </reporter-output>
        </test-method> <!-- FirefoxTwitterTest -->
        <test-method signature="ChromeRedditTest()[pri:7, instance:com.JenkinsCICD.DemoTest.JenkinsCICDTest@1af2d44a]" started-at="2026-08-13T00:42:56 IST" name="ChromeRedditTest" finished-at="2026-08-13T00:43:00 IST" duration-ms="4269" status="PASS">
          <reporter-output>
          </reporter-output>
        </test-method> <!-- ChromeRedditTest -->
      </class> <!-- com.JenkinsCICD.DemoTest.JenkinsCICDTest -->
    </test> <!-- Browser Tests -->
  </suite> <!-- Jenkins CICD Suite -->
</testng-results>
